\BOOKMARK [0][-]{chapter*.1}{Executive Summary}{}% 1
\BOOKMARK [0][-]{section*.2}{Contents}{}% 2
\BOOKMARK [0][-]{section*.3}{List of Figures}{}% 3
\BOOKMARK [0][-]{section*.4}{List of Tables}{}% 4
\BOOKMARK [0][-]{chapter.1}{Introduction}{}% 5
\BOOKMARK [1][-]{section.1.1}{Background}{chapter.1}% 6
\BOOKMARK [1][-]{section.1.2}{Problem Statement}{chapter.1}% 7
\BOOKMARK [1][-]{section.1.3}{Project Scope}{chapter.1}% 8
\BOOKMARK [2][-]{subsection.1.3.1}{Constraints}{section.1.3}% 9
\BOOKMARK [1][-]{section.1.4}{Approach}{chapter.1}% 10
\BOOKMARK [1][-]{section.1.5}{Overview}{chapter.1}% 11
\BOOKMARK [2][-]{subsection.1.5.1}{Requirements}{section.1.5}% 12
\BOOKMARK [2][-]{subsection.1.5.2}{Use Cases}{section.1.5}% 13
\BOOKMARK [2][-]{subsection.1.5.3}{Object-Oriented Analysis and Design Models}{section.1.5}% 14
\BOOKMARK [2][-]{subsection.1.5.4}{Application Mock-Up}{section.1.5}% 15
\BOOKMARK [0][-]{chapter.2}{Requirements}{}% 16
\BOOKMARK [1][-]{section.2.1}{Overview}{chapter.2}% 17
\BOOKMARK [1][-]{section.2.2}{Functional Requirements}{chapter.2}% 18
\BOOKMARK [1][-]{section.2.3}{Non-Functional Requirements}{chapter.2}% 19
\BOOKMARK [1][-]{section.2.4}{Domain Model}{chapter.2}% 20
\BOOKMARK [0][-]{chapter.3}{Use Cases}{}% 21
\BOOKMARK [1][-]{section.3.1}{Overview}{chapter.3}% 22
\BOOKMARK [1][-]{section.3.2}{Users}{chapter.3}% 23
\BOOKMARK [1][-]{section.3.3}{Properties}{chapter.3}% 24
\BOOKMARK [1][-]{section.3.4}{Bookings}{chapter.3}% 25
\BOOKMARK [1][-]{section.3.5}{Policies}{chapter.3}% 26
\BOOKMARK [1][-]{section.3.6}{Ratings}{chapter.3}% 27
\BOOKMARK [1][-]{section.3.7}{Favourites}{chapter.3}% 28
\BOOKMARK [0][-]{chapter.4}{Object-Oriented Analysis \046 Design}{}% 29
\BOOKMARK [1][-]{section.4.1}{Analysis Model}{chapter.4}% 30
\BOOKMARK [1][-]{section.4.2}{Design Model}{chapter.4}% 31
\BOOKMARK [1][-]{section.4.3}{Sequence Diagrams}{chapter.4}% 32
\BOOKMARK [1][-]{section.4.4}{State Machine Diagram}{chapter.4}% 33
\BOOKMARK [1][-]{section.4.5}{Activity View}{chapter.4}% 34
\BOOKMARK [1][-]{section.4.6}{Component Diagram}{chapter.4}% 35
\BOOKMARK [1][-]{section.4.7}{Deployment Diagram}{chapter.4}% 36
\BOOKMARK [1][-]{section.4.8}{Site Map}{chapter.4}% 37
\BOOKMARK [0][-]{chapter.5}{Application Mock-up}{}% 38
\BOOKMARK [1][-]{section.5.1}{User Views}{chapter.5}% 39
\BOOKMARK [2][-]{subsection.5.1.1}{Registration and Login}{section.5.1}% 40
\BOOKMARK [2][-]{subsection.5.1.2}{Profile Page}{section.5.1}% 41
\BOOKMARK [1][-]{section.5.2}{Guest Views}{chapter.5}% 42
\BOOKMARK [2][-]{subsection.5.2.1}{Search Request}{section.5.2}% 43
\BOOKMARK [2][-]{subsection.5.2.2}{Property List View}{section.5.2}% 44
\BOOKMARK [2][-]{subsection.5.2.3}{Detailed Property View}{section.5.2}% 45
\BOOKMARK [2][-]{subsection.5.2.4}{Favourites}{section.5.2}% 46
\BOOKMARK [2][-]{subsection.5.2.5}{Make a Booking}{section.5.2}% 47
\BOOKMARK [2][-]{subsection.5.2.6}{Booking History}{section.5.2}% 48
\BOOKMARK [2][-]{subsection.5.2.7}{Give a Rating}{section.5.2}% 49
\BOOKMARK [1][-]{section.5.3}{Host Views}{chapter.5}% 50
\BOOKMARK [2][-]{subsection.5.3.1}{Host Dashboard}{section.5.3}% 51
\BOOKMARK [2][-]{subsection.5.3.2}{Register a Property}{section.5.3}% 52
\BOOKMARK [2][-]{subsection.5.3.3}{Edit a Property}{section.5.3}% 53
\BOOKMARK [1][-]{section.5.4}{Admin Views}{chapter.5}% 54
\BOOKMARK [2][-]{subsection.5.4.1}{The Admin's User Dashboard}{section.5.4}% 55
\BOOKMARK [2][-]{subsection.5.4.2}{Policy list}{section.5.4}% 56
\BOOKMARK [0][-]{chapter.6}{Summary and Conclusions}{}% 57
\BOOKMARK [1][-]{section.6.1}{Summary}{chapter.6}% 58
\BOOKMARK [1][-]{section.6.2}{Conclusions}{chapter.6}% 59
\BOOKMARK [1][-]{section.6.3}{Who Did What}{chapter.6}% 60
\BOOKMARK [0][-]{appendix.A}{Glossary}{}% 61
\BOOKMARK [0][-]{appendix.B}{Requirements Revisited}{}% 62
\BOOKMARK [1][-]{section.B.1}{Functional Requirements}{appendix.B}% 63
\BOOKMARK [2][-]{subsection.B.1.1}{User}{section.B.1}% 64
\BOOKMARK [2][-]{subsection.B.1.2}{Property}{section.B.1}% 65
\BOOKMARK [2][-]{subsection.B.1.3}{Rooms}{section.B.1}% 66
\BOOKMARK [2][-]{subsection.B.1.4}{Bookings}{section.B.1}% 67
\BOOKMARK [2][-]{subsection.B.1.5}{Policies}{section.B.1}% 68
\BOOKMARK [2][-]{subsection.B.1.6}{Ratings}{section.B.1}% 69
\BOOKMARK [2][-]{subsection.B.1.7}{Favourites}{section.B.1}% 70
\BOOKMARK [1][-]{section.B.2}{Non-Functional Requirements}{appendix.B}% 71
\BOOKMARK [0][-]{appendix.C}{Use Cases}{}% 72
\BOOKMARK [1][-]{section.C.1}{General}{appendix.C}% 73
\BOOKMARK [1][-]{section.C.2}{Users}{appendix.C}% 74
\BOOKMARK [1][-]{section.C.3}{Properties}{appendix.C}% 75
\BOOKMARK [1][-]{section.C.4}{Bookings}{appendix.C}% 76
\BOOKMARK [1][-]{section.C.5}{Favourites}{appendix.C}% 77
\BOOKMARK [0][-]{appendix.D}{Meeting Notes}{}% 78
\BOOKMARK [1][-]{section.D.1}{Monday, 22/01/2018}{appendix.D}% 79
\BOOKMARK [1][-]{section.D.2}{Monday, 28/01/2018}{appendix.D}% 80
\BOOKMARK [1][-]{section.D.3}{Monday, 12/02/18}{appendix.D}% 81
\BOOKMARK [1][-]{section.D.4}{Monday, 19/02/2018}{appendix.D}% 82
\BOOKMARK [1][-]{section.D.5}{Monday, 26/02/2018}{appendix.D}% 83
\BOOKMARK [1][-]{section.D.6}{Friday, 02/03/2018}{appendix.D}% 84
\BOOKMARK [1][-]{section.D.7}{Friday, 09/03/2018}{appendix.D}% 85
\BOOKMARK [1][-]{section.D.8}{Monday, 12/03/2018}{appendix.D}% 86
\BOOKMARK [1][-]{section.D.9}{Friday, 16/03/2018}{appendix.D}% 87
\BOOKMARK [1][-]{section.D.10}{Saturday, 17/03/2018 - Tuesday, 20/03/2018}{appendix.D}% 88
\BOOKMARK [0][-]{section*.6}{Bibliography}{}% 89
